__main__-2021-11-05 10:27:05,902-DEBUG-デバッグログ
__main__-2021-11-05 10:27:05,905-INFO-インフォログ
__main__-2021-11-05 10:27:05,906-WARNING-ワーニングログ
__main__-2021-11-05 10:27:05,906-ERROR-エラーログ
__main__-2021-11-05 10:27:05,906-CRITICAL-クリティカルログ
__main__-2021-11-05 10:27:06,921-DEBUG-デバッグログ
__main__-2021-11-05 10:27:06,921-INFO-インフォログ
__main__-2021-11-05 10:27:06,921-WARNING-ワーニングログ
__main__-2021-11-05 10:27:06,921-ERROR-エラーログ
__main__-2021-11-05 10:27:06,926-CRITICAL-クリティカルログ
__main__-2021-11-05 10:27:07,956-DEBUG-デバッグログ
__main__-2021-11-05 10:27:07,956-INFO-インフォログ
__main__-2021-11-05 10:27:07,956-WARNING-ワーニングログ
__main__-2021-11-05 10:27:07,956-ERROR-エラーログ
__main__-2021-11-05 10:27:07,956-CRITICAL-クリティカルログ
__main__-2021-11-05 10:27:08,961-DEBUG-デバッグログ
__main__-2021-11-05 10:27:08,961-INFO-インフォログ
__main__-2021-11-05 10:27:08,961-WARNING-ワーニングログ
__main__-2021-11-05 10:27:08,963-ERROR-エラーログ
__main__-2021-11-05 10:27:08,963-CRITICAL-クリティカルログ
__main__-2021-11-05 10:27:09,965-DEBUG-デバッグログ
__main__-2021-11-05 10:27:09,965-INFO-インフォログ
__main__-2021-11-05 10:27:09,965-WARNING-ワーニングログ
__main__-2021-11-05 10:27:09,965-ERROR-エラーログ
__main__-2021-11-05 10:27:09,966-CRITICAL-クリティカルログ
__main__-2021-11-05 10:27:10,974-DEBUG-デバッグログ
__main__-2021-11-05 10:27:10,974-INFO-インフォログ
__main__-2021-11-05 10:27:10,974-WARNING-ワーニングログ
__main__-2021-11-05 10:27:10,974-ERROR-エラーログ
__main__-2021-11-05 10:27:10,974-CRITICAL-クリティカルログ
__main__-2021-11-05 10:27:11,989-DEBUG-デバッグログ
__main__-2021-11-05 10:27:11,989-INFO-インフォログ
__main__-2021-11-05 10:27:11,989-WARNING-ワーニングログ
__main__-2021-11-05 10:27:11,989-ERROR-エラーログ
__main__-2021-11-05 10:27:11,996-CRITICAL-クリティカルログ
__main__-2021-11-05 10:27:13,012-DEBUG-デバッグログ
__main__-2021-11-05 10:27:13,012-INFO-インフォログ
__main__-2021-11-05 10:27:13,012-WARNING-ワーニングログ
__main__-2021-11-05 10:27:13,012-ERROR-エラーログ
__main__-2021-11-05 10:27:13,012-CRITICAL-クリティカルログ
__main__-2021-11-05 10:27:14,019-DEBUG-デバッグログ
__main__-2021-11-05 10:27:14,038-INFO-インフォログ
__main__-2021-11-05 10:27:14,038-WARNING-ワーニングログ
__main__-2021-11-05 10:27:14,039-ERROR-エラーログ
__main__-2021-11-05 10:27:14,039-CRITICAL-クリティカルログ
